2023-08-02 19:07:48,541 WARN o.s.b.a.o.j.JpaBaseConfiguration$JpaWebConfiguration [restartedMain] spring.jpa.open-in-view is enabled by default. Therefore, database queries may be performed during view rendering. Explicitly configure spring.jpa.open-in-view to disable this warning
2023-08-02 19:08:00,669 ERROR o.s.s.s.TaskUtils$LoggingErrorHandler [scheduling-1] Unexpected error occurred in scheduled task
java.lang.NullPointerException: null
	at java.util.Objects.requireNonNull(Objects.java:208) ~[?:?]
	at java.util.stream.Collectors.lambda$uniqKeysMapAccumulator$1(Collectors.java:180) ~[?:?]
	at java.util.stream.ReduceOps$3ReducingSink.accept(ReduceOps.java:169) ~[?:?]
	at java.util.Iterator.forEachRemaining(Iterator.java:133) ~[?:?]
	at java.util.Spliterators$IteratorSpliterator.forEachRemaining(Spliterators.java:1845) ~[?:?]
	at java.util.stream.AbstractPipeline.copyInto(AbstractPipeline.java:509) ~[?:?]
	at java.util.stream.AbstractPipeline.wrapAndCopyInto(AbstractPipeline.java:499) ~[?:?]
	at java.util.stream.ReduceOps$ReduceOp.evaluateSequential(ReduceOps.java:921) ~[?:?]
	at java.util.stream.AbstractPipeline.evaluate(AbstractPipeline.java:234) ~[?:?]
	at java.util.stream.ReferencePipeline.collect(ReferencePipeline.java:682) ~[?:?]
	at com.usama.calculatorproblemv2.service.RiskCalcLogicService.getCompanyParameterAndScoreData(RiskCalcLogicService.java:192) ~[classes/:?]
	at com.usama.calculatorproblemv2.service.RiskCalcLogicService.calculateTotalRiskCappedScore(RiskCalcLogicService.java:519) ~[classes/:?]
	at com.usama.calculatorproblemv2.service.RiskCalcLogicService.calculationOrderResultMap(RiskCalcLogicService.java:313) ~[classes/:?]
	at com.usama.calculatorproblemv2.service.RiskCalcLogicService.calculateFormula(RiskCalcLogicService.java:251) ~[classes/:?]
	at com.usama.calculatorproblemv2.service.RiskCalcLogicService.calculateFormula(RiskCalcLogicService.java:238) ~[classes/:?]
	at com.usama.calculatorproblemv2.service.OutputService.lambda$1(OutputService.java:47) ~[classes/:?]
	at java.util.ArrayList$ArrayListSpliterator.forEachRemaining(ArrayList.java:1625) ~[?:?]
	at java.util.stream.ReferencePipeline$Head.forEach(ReferencePipeline.java:762) ~[?:?]
	at com.usama.calculatorproblemv2.service.OutputService.updateOutputTable(OutputService.java:43) ~[classes/:?]
	at jdk.internal.reflect.NativeMethodAccessorImpl.invoke0(Native Method) ~[?:?]
	at jdk.internal.reflect.NativeMethodAccessorImpl.invoke(NativeMethodAccessorImpl.java:77) ~[?:?]
	at jdk.internal.reflect.DelegatingMethodAccessorImpl.invoke(DelegatingMethodAccessorImpl.java:43) ~[?:?]
	at java.lang.reflect.Method.invoke(Method.java:568) ~[?:?]
	at org.springframework.scheduling.support.ScheduledMethodRunnable.run(ScheduledMethodRunnable.java:84) ~[spring-context-6.0.9.jar:6.0.9]
	at org.springframework.scheduling.support.DelegatingErrorHandlingRunnable.run(DelegatingErrorHandlingRunnable.java:54) [spring-context-6.0.9.jar:6.0.9]
	at org.springframework.scheduling.concurrent.ReschedulingRunnable.run(ReschedulingRunnable.java:96) [spring-context-6.0.9.jar:6.0.9]
	at java.util.concurrent.Executors$RunnableAdapter.call(Executors.java:539) [?:?]
	at java.util.concurrent.FutureTask.run(FutureTask.java:264) [?:?]
	at java.util.concurrent.ScheduledThreadPoolExecutor$ScheduledFutureTask.run(ScheduledThreadPoolExecutor.java:304) [?:?]
	at java.util.concurrent.ThreadPoolExecutor.runWorker(ThreadPoolExecutor.java:1136) [?:?]
	at java.util.concurrent.ThreadPoolExecutor$Worker.run(ThreadPoolExecutor.java:635) [?:?]
	at java.lang.Thread.run(Thread.java:833) [?:?]
2023-08-02 19:08:21,803 ERROR c.u.c.s.RiskDimensionService [http-nio-8092-exec-7] Failed to delete from Risk_Dimension tbl with dimensionName: weight_temp_params_two
2023-08-02 19:08:21,803 ERROR c.u.c.s.RiskDimensionService [http-nio-8092-exec-7] weight_temp_params_two : NOT FOUND
2023-08-02 19:08:39,932 ERROR c.u.c.s.RiskDimensionService [http-nio-8092-exec-5] Failed to delete from Risk_Dimension tbl with dimensionName: weight_temp_param_three
2023-08-02 19:08:39,933 ERROR c.u.c.s.RiskDimensionService [http-nio-8092-exec-5] weight_temp_param_three : NOT FOUND
2023-08-02 19:10:00,216 ERROR o.s.s.s.TaskUtils$LoggingErrorHandler [scheduling-1] Unexpected error occurred in scheduled task
java.lang.NullPointerException: null
	at java.util.Objects.requireNonNull(Objects.java:208) ~[?:?]
	at java.util.stream.Collectors.lambda$uniqKeysMapAccumulator$1(Collectors.java:180) ~[?:?]
	at java.util.stream.ReduceOps$3ReducingSink.accept(ReduceOps.java:169) ~[?:?]
	at java.util.Iterator.forEachRemaining(Iterator.java:133) ~[?:?]
	at java.util.Spliterators$IteratorSpliterator.forEachRemaining(Spliterators.java:1845) ~[?:?]
	at java.util.stream.AbstractPipeline.copyInto(AbstractPipeline.java:509) ~[?:?]
	at java.util.stream.AbstractPipeline.wrapAndCopyInto(AbstractPipeline.java:499) ~[?:?]
	at java.util.stream.ReduceOps$ReduceOp.evaluateSequential(ReduceOps.java:921) ~[?:?]
	at java.util.stream.AbstractPipeline.evaluate(AbstractPipeline.java:234) ~[?:?]
	at java.util.stream.ReferencePipeline.collect(ReferencePipeline.java:682) ~[?:?]
	at com.usama.calculatorproblemv2.service.RiskCalcLogicService.getCompanyParameterAndScoreData(RiskCalcLogicService.java:192) ~[classes/:?]
	at com.usama.calculatorproblemv2.service.RiskCalcLogicService.calculateTotalRiskCappedScore(RiskCalcLogicService.java:519) ~[classes/:?]
	at com.usama.calculatorproblemv2.service.RiskCalcLogicService.calculationOrderResultMap(RiskCalcLogicService.java:313) ~[classes/:?]
	at com.usama.calculatorproblemv2.service.RiskCalcLogicService.calculateFormula(RiskCalcLogicService.java:251) ~[classes/:?]
	at com.usama.calculatorproblemv2.service.RiskCalcLogicService.calculateFormula(RiskCalcLogicService.java:238) ~[classes/:?]
	at com.usama.calculatorproblemv2.service.OutputService.lambda$1(OutputService.java:47) ~[classes/:?]
	at java.util.ArrayList$ArrayListSpliterator.forEachRemaining(ArrayList.java:1625) ~[?:?]
	at java.util.stream.ReferencePipeline$Head.forEach(ReferencePipeline.java:762) ~[?:?]
	at com.usama.calculatorproblemv2.service.OutputService.updateOutputTable(OutputService.java:43) ~[classes/:?]
	at jdk.internal.reflect.NativeMethodAccessorImpl.invoke0(Native Method) ~[?:?]
	at jdk.internal.reflect.NativeMethodAccessorImpl.invoke(NativeMethodAccessorImpl.java:77) ~[?:?]
	at jdk.internal.reflect.DelegatingMethodAccessorImpl.invoke(DelegatingMethodAccessorImpl.java:43) ~[?:?]
	at java.lang.reflect.Method.invoke(Method.java:568) ~[?:?]
	at org.springframework.scheduling.support.ScheduledMethodRunnable.run(ScheduledMethodRunnable.java:84) ~[spring-context-6.0.9.jar:6.0.9]
	at org.springframework.scheduling.support.DelegatingErrorHandlingRunnable.run(DelegatingErrorHandlingRunnable.java:54) [spring-context-6.0.9.jar:6.0.9]
	at org.springframework.scheduling.concurrent.ReschedulingRunnable.run(ReschedulingRunnable.java:96) [spring-context-6.0.9.jar:6.0.9]
	at java.util.concurrent.Executors$RunnableAdapter.call(Executors.java:539) [?:?]
	at java.util.concurrent.FutureTask.run(FutureTask.java:264) [?:?]
	at java.util.concurrent.ScheduledThreadPoolExecutor$ScheduledFutureTask.run(ScheduledThreadPoolExecutor.java:304) [?:?]
	at java.util.concurrent.ThreadPoolExecutor.runWorker(ThreadPoolExecutor.java:1136) [?:?]
	at java.util.concurrent.ThreadPoolExecutor$Worker.run(ThreadPoolExecutor.java:635) [?:?]
	at java.lang.Thread.run(Thread.java:833) [?:?]
2023-08-02 19:12:00,212 ERROR o.s.s.s.TaskUtils$LoggingErrorHandler [scheduling-1] Unexpected error occurred in scheduled task
java.lang.NullPointerException: null
	at java.util.Objects.requireNonNull(Objects.java:208) ~[?:?]
	at java.util.stream.Collectors.lambda$uniqKeysMapAccumulator$1(Collectors.java:180) ~[?:?]
	at java.util.stream.ReduceOps$3ReducingSink.accept(ReduceOps.java:169) ~[?:?]
	at java.util.Iterator.forEachRemaining(Iterator.java:133) ~[?:?]
	at java.util.Spliterators$IteratorSpliterator.forEachRemaining(Spliterators.java:1845) ~[?:?]
	at java.util.stream.AbstractPipeline.copyInto(AbstractPipeline.java:509) ~[?:?]
	at java.util.stream.AbstractPipeline.wrapAndCopyInto(AbstractPipeline.java:499) ~[?:?]
	at java.util.stream.ReduceOps$ReduceOp.evaluateSequential(ReduceOps.java:921) ~[?:?]
	at java.util.stream.AbstractPipeline.evaluate(AbstractPipeline.java:234) ~[?:?]
	at java.util.stream.ReferencePipeline.collect(ReferencePipeline.java:682) ~[?:?]
	at com.usama.calculatorproblemv2.service.RiskCalcLogicService.getCompanyParameterAndScoreData(RiskCalcLogicService.java:192) ~[classes/:?]
	at com.usama.calculatorproblemv2.service.RiskCalcLogicService.calculateTotalRiskCappedScore(RiskCalcLogicService.java:519) ~[classes/:?]
	at com.usama.calculatorproblemv2.service.RiskCalcLogicService.calculationOrderResultMap(RiskCalcLogicService.java:313) ~[classes/:?]
	at com.usama.calculatorproblemv2.service.RiskCalcLogicService.calculateFormula(RiskCalcLogicService.java:251) ~[classes/:?]
	at com.usama.calculatorproblemv2.service.RiskCalcLogicService.calculateFormula(RiskCalcLogicService.java:238) ~[classes/:?]
	at com.usama.calculatorproblemv2.service.OutputService.lambda$1(OutputService.java:47) ~[classes/:?]
	at java.util.ArrayList$ArrayListSpliterator.forEachRemaining(ArrayList.java:1625) ~[?:?]
	at java.util.stream.ReferencePipeline$Head.forEach(ReferencePipeline.java:762) ~[?:?]
	at com.usama.calculatorproblemv2.service.OutputService.updateOutputTable(OutputService.java:43) ~[classes/:?]
	at jdk.internal.reflect.NativeMethodAccessorImpl.invoke0(Native Method) ~[?:?]
	at jdk.internal.reflect.NativeMethodAccessorImpl.invoke(NativeMethodAccessorImpl.java:77) ~[?:?]
	at jdk.internal.reflect.DelegatingMethodAccessorImpl.invoke(DelegatingMethodAccessorImpl.java:43) ~[?:?]
	at java.lang.reflect.Method.invoke(Method.java:568) ~[?:?]
	at org.springframework.scheduling.support.ScheduledMethodRunnable.run(ScheduledMethodRunnable.java:84) ~[spring-context-6.0.9.jar:6.0.9]
	at org.springframework.scheduling.support.DelegatingErrorHandlingRunnable.run(DelegatingErrorHandlingRunnable.java:54) [spring-context-6.0.9.jar:6.0.9]
	at org.springframework.scheduling.concurrent.ReschedulingRunnable.run(ReschedulingRunnable.java:96) [spring-context-6.0.9.jar:6.0.9]
	at java.util.concurrent.Executors$RunnableAdapter.call(Executors.java:539) [?:?]
	at java.util.concurrent.FutureTask.run(FutureTask.java:264) [?:?]
	at java.util.concurrent.ScheduledThreadPoolExecutor$ScheduledFutureTask.run(ScheduledThreadPoolExecutor.java:304) [?:?]
	at java.util.concurrent.ThreadPoolExecutor.runWorker(ThreadPoolExecutor.java:1136) [?:?]
	at java.util.concurrent.ThreadPoolExecutor$Worker.run(ThreadPoolExecutor.java:635) [?:?]
	at java.lang.Thread.run(Thread.java:833) [?:?]
2023-08-02 19:14:00,189 ERROR o.s.s.s.TaskUtils$LoggingErrorHandler [scheduling-1] Unexpected error occurred in scheduled task
java.lang.NullPointerException: null
	at java.util.Objects.requireNonNull(Objects.java:208) ~[?:?]
	at java.util.stream.Collectors.lambda$uniqKeysMapAccumulator$1(Collectors.java:180) ~[?:?]
	at java.util.stream.ReduceOps$3ReducingSink.accept(ReduceOps.java:169) ~[?:?]
	at java.util.Iterator.forEachRemaining(Iterator.java:133) ~[?:?]
	at java.util.Spliterators$IteratorSpliterator.forEachRemaining(Spliterators.java:1845) ~[?:?]
	at java.util.stream.AbstractPipeline.copyInto(AbstractPipeline.java:509) ~[?:?]
	at java.util.stream.AbstractPipeline.wrapAndCopyInto(AbstractPipeline.java:499) ~[?:?]
	at java.util.stream.ReduceOps$ReduceOp.evaluateSequential(ReduceOps.java:921) ~[?:?]
	at java.util.stream.AbstractPipeline.evaluate(AbstractPipeline.java:234) ~[?:?]
	at java.util.stream.ReferencePipeline.collect(ReferencePipeline.java:682) ~[?:?]
	at com.usama.calculatorproblemv2.service.RiskCalcLogicService.getCompanyParameterAndScoreData(RiskCalcLogicService.java:192) ~[classes/:?]
	at com.usama.calculatorproblemv2.service.RiskCalcLogicService.calculateTotalRiskCappedScore(RiskCalcLogicService.java:519) ~[classes/:?]
	at com.usama.calculatorproblemv2.service.RiskCalcLogicService.calculationOrderResultMap(RiskCalcLogicService.java:313) ~[classes/:?]
	at com.usama.calculatorproblemv2.service.RiskCalcLogicService.calculateFormula(RiskCalcLogicService.java:251) ~[classes/:?]
	at com.usama.calculatorproblemv2.service.RiskCalcLogicService.calculateFormula(RiskCalcLogicService.java:238) ~[classes/:?]
	at com.usama.calculatorproblemv2.service.OutputService.lambda$1(OutputService.java:47) ~[classes/:?]
	at java.util.ArrayList$ArrayListSpliterator.forEachRemaining(ArrayList.java:1625) ~[?:?]
	at java.util.stream.ReferencePipeline$Head.forEach(ReferencePipeline.java:762) ~[?:?]
	at com.usama.calculatorproblemv2.service.OutputService.updateOutputTable(OutputService.java:43) ~[classes/:?]
	at jdk.internal.reflect.NativeMethodAccessorImpl.invoke0(Native Method) ~[?:?]
	at jdk.internal.reflect.NativeMethodAccessorImpl.invoke(NativeMethodAccessorImpl.java:77) ~[?:?]
	at jdk.internal.reflect.DelegatingMethodAccessorImpl.invoke(DelegatingMethodAccessorImpl.java:43) ~[?:?]
	at java.lang.reflect.Method.invoke(Method.java:568) ~[?:?]
	at org.springframework.scheduling.support.ScheduledMethodRunnable.run(ScheduledMethodRunnable.java:84) ~[spring-context-6.0.9.jar:6.0.9]
	at org.springframework.scheduling.support.DelegatingErrorHandlingRunnable.run(DelegatingErrorHandlingRunnable.java:54) [spring-context-6.0.9.jar:6.0.9]
	at org.springframework.scheduling.concurrent.ReschedulingRunnable.run(ReschedulingRunnable.java:96) [spring-context-6.0.9.jar:6.0.9]
	at java.util.concurrent.Executors$RunnableAdapter.call(Executors.java:539) [?:?]
	at java.util.concurrent.FutureTask.run(FutureTask.java:264) [?:?]
	at java.util.concurrent.ScheduledThreadPoolExecutor$ScheduledFutureTask.run(ScheduledThreadPoolExecutor.java:304) [?:?]
	at java.util.concurrent.ThreadPoolExecutor.runWorker(ThreadPoolExecutor.java:1136) [?:?]
	at java.util.concurrent.ThreadPoolExecutor$Worker.run(ThreadPoolExecutor.java:635) [?:?]
	at java.lang.Thread.run(Thread.java:833) [?:?]
2023-08-02 19:16:00,187 ERROR o.s.s.s.TaskUtils$LoggingErrorHandler [scheduling-1] Unexpected error occurred in scheduled task
java.lang.NullPointerException: null
	at java.util.Objects.requireNonNull(Objects.java:208) ~[?:?]
	at java.util.stream.Collectors.lambda$uniqKeysMapAccumulator$1(Collectors.java:180) ~[?:?]
	at java.util.stream.ReduceOps$3ReducingSink.accept(ReduceOps.java:169) ~[?:?]
	at java.util.Iterator.forEachRemaining(Iterator.java:133) ~[?:?]
	at java.util.Spliterators$IteratorSpliterator.forEachRemaining(Spliterators.java:1845) ~[?:?]
	at java.util.stream.AbstractPipeline.copyInto(AbstractPipeline.java:509) ~[?:?]
	at java.util.stream.AbstractPipeline.wrapAndCopyInto(AbstractPipeline.java:499) ~[?:?]
	at java.util.stream.ReduceOps$ReduceOp.evaluateSequential(ReduceOps.java:921) ~[?:?]
	at java.util.stream.AbstractPipeline.evaluate(AbstractPipeline.java:234) ~[?:?]
	at java.util.stream.ReferencePipeline.collect(ReferencePipeline.java:682) ~[?:?]
	at com.usama.calculatorproblemv2.service.RiskCalcLogicService.getCompanyParameterAndScoreData(RiskCalcLogicService.java:192) ~[classes/:?]
	at com.usama.calculatorproblemv2.service.RiskCalcLogicService.calculateTotalRiskCappedScore(RiskCalcLogicService.java:519) ~[classes/:?]
	at com.usama.calculatorproblemv2.service.RiskCalcLogicService.calculationOrderResultMap(RiskCalcLogicService.java:313) ~[classes/:?]
	at com.usama.calculatorproblemv2.service.RiskCalcLogicService.calculateFormula(RiskCalcLogicService.java:251) ~[classes/:?]
	at com.usama.calculatorproblemv2.service.RiskCalcLogicService.calculateFormula(RiskCalcLogicService.java:238) ~[classes/:?]
	at com.usama.calculatorproblemv2.service.OutputService.lambda$1(OutputService.java:47) ~[classes/:?]
	at java.util.ArrayList$ArrayListSpliterator.forEachRemaining(ArrayList.java:1625) ~[?:?]
	at java.util.stream.ReferencePipeline$Head.forEach(ReferencePipeline.java:762) ~[?:?]
	at com.usama.calculatorproblemv2.service.OutputService.updateOutputTable(OutputService.java:43) ~[classes/:?]
	at jdk.internal.reflect.NativeMethodAccessorImpl.invoke0(Native Method) ~[?:?]
	at jdk.internal.reflect.NativeMethodAccessorImpl.invoke(NativeMethodAccessorImpl.java:77) ~[?:?]
	at jdk.internal.reflect.DelegatingMethodAccessorImpl.invoke(DelegatingMethodAccessorImpl.java:43) ~[?:?]
	at java.lang.reflect.Method.invoke(Method.java:568) ~[?:?]
	at org.springframework.scheduling.support.ScheduledMethodRunnable.run(ScheduledMethodRunnable.java:84) ~[spring-context-6.0.9.jar:6.0.9]
	at org.springframework.scheduling.support.DelegatingErrorHandlingRunnable.run(DelegatingErrorHandlingRunnable.java:54) [spring-context-6.0.9.jar:6.0.9]
	at org.springframework.scheduling.concurrent.ReschedulingRunnable.run(ReschedulingRunnable.java:96) [spring-context-6.0.9.jar:6.0.9]
	at java.util.concurrent.Executors$RunnableAdapter.call(Executors.java:539) [?:?]
	at java.util.concurrent.FutureTask.run(FutureTask.java:264) [?:?]
	at java.util.concurrent.ScheduledThreadPoolExecutor$ScheduledFutureTask.run(ScheduledThreadPoolExecutor.java:304) [?:?]
	at java.util.concurrent.ThreadPoolExecutor.runWorker(ThreadPoolExecutor.java:1136) [?:?]
	at java.util.concurrent.ThreadPoolExecutor$Worker.run(ThreadPoolExecutor.java:635) [?:?]
	at java.lang.Thread.run(Thread.java:833) [?:?]
2023-08-02 19:16:33,293 WARN o.s.b.a.o.j.JpaBaseConfiguration$JpaWebConfiguration [restartedMain] spring.jpa.open-in-view is enabled by default. Therefore, database queries may be performed during view rendering. Explicitly configure spring.jpa.open-in-view to disable this warning
2023-08-02 19:16:42,779 WARN o.s.b.a.o.j.JpaBaseConfiguration$JpaWebConfiguration [restartedMain] spring.jpa.open-in-view is enabled by default. Therefore, database queries may be performed during view rendering. Explicitly configure spring.jpa.open-in-view to disable this warning
2023-08-02 19:16:44,968 WARN o.s.b.a.o.j.JpaBaseConfiguration$JpaWebConfiguration [restartedMain] spring.jpa.open-in-view is enabled by default. Therefore, database queries may be performed during view rendering. Explicitly configure spring.jpa.open-in-view to disable this warning
