2023-07-05 10:03:18,492 INFO o.s.b.StartupInfoLogger [restartedMain] Starting CalculatorProblemV2Application using Java 17.0.5 with PID 14788 (C:\Users\mohammedusama\spring-sts\CalculatorProblemV2\target\classes started by mohammedusama in C:\Users\mohammedusama\spring-sts\CalculatorProblemV2)
2023-07-05 10:03:18,511 INFO o.s.b.SpringApplication [restartedMain] No active profile set, falling back to 1 default profile: "default"
2023-07-05 10:03:22,348 WARN o.h.e.j.d.i.DialectFactoryImpl [restartedMain] HHH90000026: MySQL8Dialect has been deprecated; use org.hibernate.dialect.MySQLDialect instead
2023-07-05 10:03:25,476 WARN o.s.b.a.o.j.JpaBaseConfiguration$JpaWebConfiguration [restartedMain] spring.jpa.open-in-view is enabled by default. Therefore, database queries may be performed during view rendering. Explicitly configure spring.jpa.open-in-view to disable this warning
2023-07-05 10:03:26,106 INFO o.s.b.StartupInfoLogger [restartedMain] Started CalculatorProblemV2Application in 8.278 seconds (process running for 11.789)
2023-07-05 10:03:31,932 INFO c.u.c.s.OutputService [http-nio-8092-exec-1] Updating Output table
2023-07-05 10:03:32,094 INFO c.u.c.s.CompanyRiskScoreService [ForkJoinPool.commonPool-worker-1] Successfully Fetched data from the database company_risk_score
2023-07-05 10:03:32,099 INFO c.u.c.s.OutputService [ForkJoinPool.commonPool-worker-1] Calculating output params for compnay: CreditSuisse
2023-07-05 10:03:32,332 INFO c.u.c.s.OutputService [ForkJoinPool.commonPool-worker-1] Successfully saving data to Output table for compnay: CreditSuisse
2023-07-05 10:03:32,426 INFO c.u.c.s.OutputService [ForkJoinPool.commonPool-worker-1] Calculating output params for compnay: Infosys
2023-07-05 10:03:32,550 INFO c.u.c.s.OutputService [ForkJoinPool.commonPool-worker-1] Successfully saving data to Output table for compnay: Infosys
2023-07-05 10:03:32,580 INFO c.u.c.s.OutputService [ForkJoinPool.commonPool-worker-1] Calculating output params for compnay: Nagarro
2023-07-05 10:03:32,692 INFO c.u.c.s.OutputService [ForkJoinPool.commonPool-worker-1] Successfully saving data to Output table for compnay: Nagarro
2023-07-05 10:03:32,715 INFO c.u.c.s.OutputService [ForkJoinPool.commonPool-worker-1] Calculating output params for compnay: TCS
2023-07-05 10:03:32,787 INFO c.u.c.s.OutputService [ForkJoinPool.commonPool-worker-1] Successfully saving data to Output table for compnay: TCS
2023-07-05 10:03:32,814 INFO c.u.c.s.OutputService [http-nio-8092-exec-1] Successfully fetched all the data from the table 'output'
2023-07-05 10:03:32,926 INFO c.u.c.s.OutputService [http-nio-8092-exec-2] Updating Output table
2023-07-05 10:03:32,932 INFO c.u.c.s.CompanyRiskScoreService [ForkJoinPool.commonPool-worker-1] Successfully Fetched data from the database company_risk_score
2023-07-05 10:03:32,932 INFO c.u.c.s.OutputService [ForkJoinPool.commonPool-worker-1] Calculating output params for compnay: CreditSuisse
2023-07-05 10:03:33,016 INFO c.u.c.s.OutputService [ForkJoinPool.commonPool-worker-1] Successfully saving data to Output table for compnay: CreditSuisse
2023-07-05 10:03:33,033 INFO c.u.c.s.OutputService [ForkJoinPool.commonPool-worker-1] Calculating output params for compnay: Infosys
2023-07-05 10:03:33,105 INFO c.u.c.s.OutputService [ForkJoinPool.commonPool-worker-1] Successfully saving data to Output table for compnay: Infosys
2023-07-05 10:03:33,121 INFO c.u.c.s.OutputService [ForkJoinPool.commonPool-worker-1] Calculating output params for compnay: Nagarro
2023-07-05 10:03:33,188 INFO c.u.c.s.OutputService [ForkJoinPool.commonPool-worker-1] Successfully saving data to Output table for compnay: Nagarro
2023-07-05 10:03:33,207 INFO c.u.c.s.OutputService [ForkJoinPool.commonPool-worker-1] Calculating output params for compnay: TCS
2023-07-05 10:03:33,270 INFO c.u.c.s.OutputService [ForkJoinPool.commonPool-worker-1] Successfully saving data to Output table for compnay: TCS
2023-07-05 10:03:33,292 INFO c.u.c.s.OutputService [http-nio-8092-exec-2] Successfully fetched all the data from the table 'output'
2023-07-05 10:03:42,359 INFO c.u.c.s.OutputService [http-nio-8092-exec-3] Updating Output table
2023-07-05 10:03:42,369 INFO c.u.c.s.CompanyRiskScoreService [ForkJoinPool.commonPool-worker-1] Successfully Fetched data from the database company_risk_score
2023-07-05 10:03:42,371 INFO c.u.c.s.OutputService [ForkJoinPool.commonPool-worker-1] Calculating output params for compnay: CreditSuisse
2023-07-05 10:03:42,471 INFO c.u.c.s.OutputService [ForkJoinPool.commonPool-worker-1] Successfully saving data to Output table for compnay: CreditSuisse
2023-07-05 10:03:42,495 INFO c.u.c.s.OutputService [ForkJoinPool.commonPool-worker-1] Calculating output params for compnay: Infosys
2023-07-05 10:03:42,579 INFO c.u.c.s.OutputService [ForkJoinPool.commonPool-worker-1] Successfully saving data to Output table for compnay: Infosys
2023-07-05 10:03:42,600 INFO c.u.c.s.OutputService [ForkJoinPool.commonPool-worker-1] Calculating output params for compnay: Nagarro
2023-07-05 10:03:42,690 INFO c.u.c.s.OutputService [ForkJoinPool.commonPool-worker-1] Successfully saving data to Output table for compnay: Nagarro
2023-07-05 10:03:42,708 INFO c.u.c.s.OutputService [ForkJoinPool.commonPool-worker-1] Calculating output params for compnay: TCS
2023-07-05 10:03:42,793 INFO c.u.c.s.OutputService [ForkJoinPool.commonPool-worker-1] Successfully saving data to Output table for compnay: TCS
2023-07-05 10:03:42,821 INFO c.u.c.s.OutputService [http-nio-8092-exec-3] Successfully fetched all the data from the table 'output'
2023-07-05 10:03:42,839 INFO c.u.c.s.OutputService [http-nio-8092-exec-5] Updating Output table
2023-07-05 10:03:42,845 INFO c.u.c.s.CompanyRiskScoreService [ForkJoinPool.commonPool-worker-1] Successfully Fetched data from the database company_risk_score
2023-07-05 10:03:42,846 INFO c.u.c.s.OutputService [ForkJoinPool.commonPool-worker-1] Calculating output params for compnay: CreditSuisse
2023-07-05 10:03:42,925 INFO c.u.c.s.OutputService [ForkJoinPool.commonPool-worker-1] Successfully saving data to Output table for compnay: CreditSuisse
2023-07-05 10:03:42,943 INFO c.u.c.s.OutputService [ForkJoinPool.commonPool-worker-1] Calculating output params for compnay: Infosys
2023-07-05 10:03:43,029 INFO c.u.c.s.OutputService [ForkJoinPool.commonPool-worker-1] Successfully saving data to Output table for compnay: Infosys
2023-07-05 10:03:43,048 INFO c.u.c.s.OutputService [ForkJoinPool.commonPool-worker-1] Calculating output params for compnay: Nagarro
2023-07-05 10:03:43,125 INFO c.u.c.s.OutputService [ForkJoinPool.commonPool-worker-1] Successfully saving data to Output table for compnay: Nagarro
2023-07-05 10:03:43,144 INFO c.u.c.s.OutputService [ForkJoinPool.commonPool-worker-1] Calculating output params for compnay: TCS
2023-07-05 10:03:43,222 INFO c.u.c.s.OutputService [ForkJoinPool.commonPool-worker-1] Successfully saving data to Output table for compnay: TCS
2023-07-05 10:03:43,248 INFO c.u.c.s.OutputService [http-nio-8092-exec-5] Successfully fetched all the data from the table 'output'
2023-07-05 10:03:47,428 INFO c.u.c.s.OutputService [http-nio-8092-exec-4] Updating Output table
2023-07-05 10:03:47,438 INFO c.u.c.s.CompanyRiskScoreService [ForkJoinPool.commonPool-worker-1] Successfully Fetched data from the database company_risk_score
2023-07-05 10:03:47,439 INFO c.u.c.s.OutputService [ForkJoinPool.commonPool-worker-1] Calculating output params for compnay: CreditSuisse
2023-07-05 10:03:47,532 INFO c.u.c.s.OutputService [ForkJoinPool.commonPool-worker-1] Successfully saving data to Output table for compnay: CreditSuisse
2023-07-05 10:03:47,556 INFO c.u.c.s.OutputService [ForkJoinPool.commonPool-worker-1] Calculating output params for compnay: Infosys
2023-07-05 10:03:47,636 INFO c.u.c.s.OutputService [ForkJoinPool.commonPool-worker-1] Successfully saving data to Output table for compnay: Infosys
2023-07-05 10:03:47,653 INFO c.u.c.s.OutputService [ForkJoinPool.commonPool-worker-1] Calculating output params for compnay: Nagarro
2023-07-05 10:03:47,730 INFO c.u.c.s.OutputService [ForkJoinPool.commonPool-worker-1] Successfully saving data to Output table for compnay: Nagarro
2023-07-05 10:03:47,751 INFO c.u.c.s.OutputService [ForkJoinPool.commonPool-worker-1] Calculating output params for compnay: TCS
2023-07-05 10:03:47,830 INFO c.u.c.s.OutputService [ForkJoinPool.commonPool-worker-1] Successfully saving data to Output table for compnay: TCS
2023-07-05 10:03:47,855 INFO c.u.c.s.OutputService [http-nio-8092-exec-4] Successfully fetched all the data from the table 'output'
2023-07-05 10:03:47,871 INFO c.u.c.s.OutputService [http-nio-8092-exec-6] Updating Output table
2023-07-05 10:03:47,878 INFO c.u.c.s.CompanyRiskScoreService [ForkJoinPool.commonPool-worker-1] Successfully Fetched data from the database company_risk_score
2023-07-05 10:03:47,879 INFO c.u.c.s.OutputService [ForkJoinPool.commonPool-worker-1] Calculating output params for compnay: CreditSuisse
2023-07-05 10:03:47,960 INFO c.u.c.s.OutputService [ForkJoinPool.commonPool-worker-1] Successfully saving data to Output table for compnay: CreditSuisse
2023-07-05 10:03:47,977 INFO c.u.c.s.OutputService [ForkJoinPool.commonPool-worker-1] Calculating output params for compnay: Infosys
2023-07-05 10:03:48,052 INFO c.u.c.s.OutputService [ForkJoinPool.commonPool-worker-1] Successfully saving data to Output table for compnay: Infosys
2023-07-05 10:03:48,068 INFO c.u.c.s.OutputService [ForkJoinPool.commonPool-worker-1] Calculating output params for compnay: Nagarro
2023-07-05 10:03:48,136 INFO c.u.c.s.OutputService [ForkJoinPool.commonPool-worker-1] Successfully saving data to Output table for compnay: Nagarro
2023-07-05 10:03:48,153 INFO c.u.c.s.OutputService [ForkJoinPool.commonPool-worker-1] Calculating output params for compnay: TCS
2023-07-05 10:03:48,226 INFO c.u.c.s.OutputService [ForkJoinPool.commonPool-worker-1] Successfully saving data to Output table for compnay: TCS
2023-07-05 10:03:48,250 INFO c.u.c.s.OutputService [http-nio-8092-exec-6] Successfully fetched all the data from the table 'output'
2023-07-05 10:52:32,638 INFO c.u.c.c.RiskCalcLogicController [http-nio-8092-exec-10] Received POST request with body: com.usama.calculatorproblemv2.entity.RiskCalcLogic@6e8ad15b
2023-07-05 10:52:32,774 INFO c.u.c.s.RiskCalcLogicService [http-nio-8092-exec-10] Data saved Successfully
2023-07-05 10:52:39,551 INFO c.u.c.c.RiskCalcLogicController [http-nio-8092-exec-1] Received POST request with body: com.usama.calculatorproblemv2.entity.RiskCalcLogic@276733d0
2023-07-05 10:52:39,557 INFO c.u.c.s.RiskCalcLogicService [http-nio-8092-exec-1] Data saved Successfully
2023-07-05 10:52:49,052 WARN o.s.w.s.h.AbstractHandlerExceptionResolver [http-nio-8092-exec-2] Resolved [org.springframework.web.HttpRequestMethodNotSupportedException: Request method 'GET' is not supported]
2023-07-05 10:53:24,124 INFO c.u.c.c.RiskCalcLogicController [http-nio-8092-exec-3] Received GET request to fetch all data from risk_calc_logic table
2023-07-05 10:53:24,141 INFO c.u.c.s.RiskCalcLogicService [http-nio-8092-exec-3] Successfully Fetched data from the database risk_calc_logic
2023-07-05 10:55:42,051 INFO o.s.b.StartupInfoLogger [restartedMain] Starting CalculatorProblemV2Application using Java 17.0.5 with PID 14788 (C:\Users\mohammedusama\spring-sts\CalculatorProblemV2\target\classes started by mohammedusama in C:\Users\mohammedusama\spring-sts\CalculatorProblemV2)
2023-07-05 10:55:42,077 INFO o.s.b.SpringApplication [restartedMain] No active profile set, falling back to 1 default profile: "default"
2023-07-05 10:55:43,681 WARN o.h.e.j.d.i.DialectFactoryImpl [restartedMain] HHH90000026: MySQL8Dialect has been deprecated; use org.hibernate.dialect.MySQLDialect instead
2023-07-05 10:55:45,000 WARN o.s.b.a.o.j.JpaBaseConfiguration$JpaWebConfiguration [restartedMain] spring.jpa.open-in-view is enabled by default. Therefore, database queries may be performed during view rendering. Explicitly configure spring.jpa.open-in-view to disable this warning
2023-07-05 10:55:45,392 INFO o.s.b.StartupInfoLogger [restartedMain] Started CalculatorProblemV2Application in 3.669 seconds (process running for 3151.101)
2023-07-05 10:55:51,220 INFO o.s.b.StartupInfoLogger [restartedMain] Starting CalculatorProblemV2Application using Java 17.0.5 with PID 14788 (C:\Users\mohammedusama\spring-sts\CalculatorProblemV2\target\classes started by mohammedusama in C:\Users\mohammedusama\spring-sts\CalculatorProblemV2)
2023-07-05 10:55:51,221 INFO o.s.b.SpringApplication [restartedMain] No active profile set, falling back to 1 default profile: "default"
2023-07-05 10:55:52,045 WARN o.h.e.j.d.i.DialectFactoryImpl [restartedMain] HHH90000026: MySQL8Dialect has been deprecated; use org.hibernate.dialect.MySQLDialect instead
2023-07-05 10:55:52,614 WARN o.s.b.a.o.j.JpaBaseConfiguration$JpaWebConfiguration [restartedMain] spring.jpa.open-in-view is enabled by default. Therefore, database queries may be performed during view rendering. Explicitly configure spring.jpa.open-in-view to disable this warning
2023-07-05 10:55:52,802 INFO o.s.b.StartupInfoLogger [restartedMain] Started CalculatorProblemV2Application in 1.661 seconds (process running for 3158.511)
2023-07-05 10:55:54,382 INFO o.s.b.StartupInfoLogger [restartedMain] Starting CalculatorProblemV2Application using Java 17.0.5 with PID 14788 (C:\Users\mohammedusama\spring-sts\CalculatorProblemV2\target\classes started by mohammedusama in C:\Users\mohammedusama\spring-sts\CalculatorProblemV2)
2023-07-05 10:55:54,384 INFO o.s.b.SpringApplication [restartedMain] No active profile set, falling back to 1 default profile: "default"
2023-07-05 10:55:55,102 WARN o.h.e.j.d.i.DialectFactoryImpl [restartedMain] HHH90000026: MySQL8Dialect has been deprecated; use org.hibernate.dialect.MySQLDialect instead
2023-07-05 10:55:55,946 WARN o.s.b.a.o.j.JpaBaseConfiguration$JpaWebConfiguration [restartedMain] spring.jpa.open-in-view is enabled by default. Therefore, database queries may be performed during view rendering. Explicitly configure spring.jpa.open-in-view to disable this warning
2023-07-05 10:55:56,125 INFO o.s.b.StartupInfoLogger [restartedMain] Started CalculatorProblemV2Application in 1.815 seconds (process running for 3161.835)
2023-07-05 10:56:16,606 INFO c.u.c.c.RiskCalcLogicController [http-nio-8092-exec-1] Received POST request with body: com.usama.calculatorproblemv2.entity.RiskCalcLogic@1e3c46dd
2023-07-05 10:56:16,637 INFO c.u.c.s.RiskCalcLogicService [http-nio-8092-exec-1] Data saved Successfully
